{"level":"info","message":"Listening on port 3000...","timestamp":"2018-10-12T21:25:02.395Z"}
{"level":"info","message":"Connected to MongoDB...","timestamp":"2018-10-12T21:25:03.436Z"}
{"level":"info","message":"Listening on port 3000...","timestamp":"2018-10-12T22:01:56.898Z"}
{"level":"info","message":"Connected to MongoDB...","timestamp":"2018-10-12T22:01:57.921Z"}
{"level":"info","message":"Listening on port 3000...","timestamp":"2018-10-12T22:08:16.988Z"}
{"level":"info","message":"Connected to MongoDB...","timestamp":"2018-10-12T22:08:18.021Z"}
{"level":"info","message":"Listening on port 3000...","timestamp":"2018-10-12T22:10:06.362Z"}
{"level":"info","message":"Listening on port 3000...","timestamp":"2018-10-12T22:10:13.266Z"}
{"level":"info","message":"Connected to MongoDB...","timestamp":"2018-10-12T22:10:14.291Z"}
{"level":"info","message":"Listening on port 3000...","timestamp":"2018-10-12T22:10:27.829Z"}
{"level":"info","message":"Connected to MongoDB...","timestamp":"2018-10-12T22:10:28.860Z"}
{"level":"info","message":"Listening on port 3000...","timestamp":"2018-10-12T22:10:55.702Z"}
{"level":"info","message":"Connected to MongoDB...","timestamp":"2018-10-12T22:10:56.806Z"}
{"level":"info","message":"Listening on port 3000...","timestamp":"2018-10-12T22:13:22.681Z"}
{"level":"info","message":"Connected to MongoDB...","timestamp":"2018-10-12T22:13:23.708Z"}
{"level":"info","message":"Listening on port 3000...","timestamp":"2018-10-12T22:15:10.354Z"}
{"level":"info","message":"Connected to MongoDB...","timestamp":"2018-10-12T22:15:11.410Z"}
{"level":"info","message":"Listening on port 3000...","timestamp":"2018-10-12T22:15:35.468Z"}
{"level":"info","message":"Connected to MongoDB...","timestamp":"2018-10-12T22:15:36.510Z"}
{"level":"info","message":"Listening on port 3000...","timestamp":"2018-10-12T22:17:09.396Z"}
{"level":"info","message":"Connected to MongoDB...","timestamp":"2018-10-12T22:17:10.428Z"}
{"level":"info","message":"Listening on port 3000...","timestamp":"2018-10-12T22:17:27.569Z"}
{"level":"info","message":"Connected to MongoDB...","timestamp":"2018-10-12T22:17:28.610Z"}
{"level":"info","message":"Listening on port 3000...","timestamp":"2018-10-12T22:18:59.416Z"}
{"level":"info","message":"Connected to MongoDB...","timestamp":"2018-10-12T22:19:00.442Z"}
{"level":"info","message":"Listening on port 3000...","timestamp":"2018-10-12T22:20:20.399Z"}
{"level":"info","message":"Connected to MongoDB...","timestamp":"2018-10-12T22:20:21.425Z"}
{"level":"info","message":"Listening on port 3000...","timestamp":"2018-10-12T22:22:09.230Z"}
{"level":"info","message":"Connected to MongoDB...","timestamp":"2018-10-12T22:22:10.257Z"}
{"level":"info","message":"Listening on port 3000...","timestamp":"2018-10-12T22:25:22.388Z"}
{"level":"info","message":"Connected to MongoDB...","timestamp":"2018-10-12T22:25:23.419Z"}
{"level":"info","message":"Listening on port 3000...","timestamp":"2018-10-12T22:27:29.258Z"}
{"level":"info","message":"Connected to MongoDB...","timestamp":"2018-10-12T22:27:30.344Z"}
{"level":"info","message":"Listening on port 3000...","timestamp":"2018-10-12T22:27:41.548Z"}
{"level":"info","message":"Connected to MongoDB...","timestamp":"2018-10-12T22:27:42.602Z"}
{"level":"info","message":"Listening on port 3000...","timestamp":"2018-10-12T22:28:08.956Z"}
{"level":"info","message":"Connected to MongoDB...","timestamp":"2018-10-12T22:28:09.996Z"}
{"level":"info","message":"Listening on port 3000...","timestamp":"2018-10-12T22:28:23.330Z"}
{"level":"info","message":"Connected to MongoDB...","timestamp":"2018-10-12T22:28:24.389Z"}
{"level":"info","message":"Listening on port 3000...","timestamp":"2018-10-12T22:28:42.347Z"}
{"level":"info","message":"Connected to MongoDB...","timestamp":"2018-10-12T22:28:43.432Z"}
{"level":"info","message":"Listening on port 3000...","timestamp":"2018-10-12T22:29:21.134Z"}
{"level":"info","message":"Connected to MongoDB...","timestamp":"2018-10-12T22:29:22.155Z"}
{"level":"info","message":"Listening on port 3000...","timestamp":"2018-10-12T22:29:34.247Z"}
{"level":"info","message":"Connected to MongoDB...","timestamp":"2018-10-12T22:29:35.274Z"}
{"level":"info","message":"Listening on port 3000...","timestamp":"2018-10-12T22:29:57.454Z"}
{"level":"info","message":"Connected to MongoDB...","timestamp":"2018-10-12T22:29:58.495Z"}
{"level":"info","message":"Listening on port 3000...","timestamp":"2018-10-12T22:35:22.236Z"}
{"level":"info","message":"Connected to MongoDB...","timestamp":"2018-10-12T22:35:23.329Z"}
{"level":"info","message":"Listening on port 3000...","timestamp":"2018-10-12T22:43:40.842Z"}
{"level":"info","message":"Listening on port 3000...","timestamp":"2018-10-12T22:43:47.855Z"}
{"level":"info","message":"Connected to MongoDB...","timestamp":"2018-10-12T22:43:48.877Z"}
{"level":"info","message":"Listening on port 3000...","timestamp":"2018-10-12T22:45:29.602Z"}
{"level":"info","message":"Connected to MongoDB...","timestamp":"2018-10-12T22:45:30.640Z"}
{"level":"info","message":"Listening on port 3000...","timestamp":"2018-10-12T22:45:47.385Z"}
{"level":"info","message":"Connected to MongoDB...","timestamp":"2018-10-12T22:45:48.489Z"}
{"level":"info","message":"Listening on port 3000...","timestamp":"2018-10-12T22:47:48.904Z"}
{"level":"info","message":"Connected to MongoDB...","timestamp":"2018-10-12T22:47:50.022Z"}
{"level":"info","message":"Listening on port 3000...","timestamp":"2018-10-12T22:49:46.531Z"}
{"level":"info","message":"Connected to MongoDB...","timestamp":"2018-10-12T22:49:47.589Z"}
{"level":"info","message":"Listening on port 3000...","timestamp":"2018-10-12T22:50:35.543Z"}
{"level":"info","message":"Connected to MongoDB...","timestamp":"2018-10-12T22:50:36.571Z"}
{"level":"info","message":"Listening on port 3000...","timestamp":"2018-10-12T23:05:26.934Z"}
{"level":"info","message":"Connected to MongoDB...","timestamp":"2018-10-12T23:05:27.961Z"}
{"level":"info","message":"Listening on port 3000...","timestamp":"2018-10-12T23:11:26.526Z"}
{"level":"info","message":"Connected to MongoDB...","timestamp":"2018-10-12T23:11:27.566Z"}
{"level":"info","message":"Listening on port 3000...","timestamp":"2018-10-12T23:11:35.964Z"}
{"level":"info","message":"Connected to MongoDB...","timestamp":"2018-10-12T23:11:37.167Z"}
{"level":"info","message":"Listening on port 3000...","timestamp":"2018-10-12T23:11:57.861Z"}
{"level":"info","message":"Connected to MongoDB...","timestamp":"2018-10-12T23:11:58.898Z"}
{"level":"info","message":"Listening on port 3000...","timestamp":"2018-10-13T00:04:39.355Z"}
{"level":"info","message":"Connected to MongoDB...","timestamp":"2018-10-13T00:04:40.394Z"}
{"level":"info","message":"Listening on port 3000...","timestamp":"2018-10-13T00:10:06.014Z"}
{"level":"info","message":"Connected to MongoDB...","timestamp":"2018-10-13T00:10:07.049Z"}
{"level":"info","message":"Listening on port 3000...","timestamp":"2018-10-13T00:11:48.113Z"}
{"level":"info","message":"Connected to MongoDB...","timestamp":"2018-10-13T00:11:49.147Z"}
{"level":"info","message":"Listening on port 3000...","timestamp":"2018-10-13T11:12:20.402Z"}
{"level":"info","message":"Connected to MongoDB...","timestamp":"2018-10-13T11:12:21.428Z"}
{"level":"info","message":"Listening on port 3000...","timestamp":"2018-10-13T11:43:36.697Z"}
{"level":"info","message":"Connected to MongoDB...","timestamp":"2018-10-13T11:43:37.723Z"}
{"level":"info","message":"Listening on port 3000...","timestamp":"2018-10-13T11:51:01.770Z"}
{"level":"info","message":"Connected to MongoDB...","timestamp":"2018-10-13T11:51:02.799Z"}
{"level":"info","message":"Listening on port 3000...","timestamp":"2018-10-13T12:10:04.576Z"}
{"level":"info","message":"Connected to MongoDB...","timestamp":"2018-10-13T12:10:05.612Z"}
{"level":"info","message":"Listening on port 3000...","timestamp":"2018-10-13T12:13:38.658Z"}
{"level":"info","message":"Connected to MongoDB...","timestamp":"2018-10-13T12:13:39.744Z"}
{"level":"info","message":"Listening on port 3000...","timestamp":"2018-10-13T12:14:43.347Z"}
{"level":"info","message":"Connected to MongoDB...","timestamp":"2018-10-13T12:14:44.377Z"}
{"level":"info","message":"Listening on port 3000...","timestamp":"2018-10-13T12:25:47.921Z"}
{"level":"info","message":"Connected to MongoDB...","timestamp":"2018-10-13T12:25:48.953Z"}
{"level":"info","message":"Listening on port 3000...","timestamp":"2018-10-13T12:26:27.258Z"}
{"level":"info","message":"Connected to MongoDB...","timestamp":"2018-10-13T12:26:28.307Z"}
{"level":"info","message":"Listening on port 3000...","timestamp":"2018-10-13T12:36:17.784Z"}
{"level":"info","message":"Connected to MongoDB...","timestamp":"2018-10-13T12:36:18.810Z"}
{"level":"info","message":"Listening on port 3000...","timestamp":"2018-10-13T12:44:40.891Z"}
{"level":"info","message":"Connected to MongoDB...","timestamp":"2018-10-13T12:44:41.939Z"}
{"level":"info","message":"Listening on port 3000...","timestamp":"2018-10-13T12:45:10.142Z"}
{"level":"info","message":"Connected to MongoDB...","timestamp":"2018-10-13T12:45:11.172Z"}
{"level":"info","message":"Listening on port 3000...","timestamp":"2018-10-13T12:47:42.864Z"}
{"level":"info","message":"Connected to MongoDB...","timestamp":"2018-10-13T12:47:43.898Z"}
{"level":"info","message":"Listening on port 3000...","timestamp":"2018-10-13T12:50:00.729Z"}
{"level":"info","message":"Connected to MongoDB...","timestamp":"2018-10-13T12:50:01.764Z"}
{"level":"info","message":"Listening on port 3000...","timestamp":"2018-10-13T12:53:56.095Z"}
{"level":"info","message":"Connected to MongoDB...","timestamp":"2018-10-13T12:53:57.125Z"}
{"level":"info","message":"Listening on port 3000...","timestamp":"2018-10-13T12:56:43.007Z"}
{"level":"info","message":"Connected to MongoDB...","timestamp":"2018-10-13T12:56:44.045Z"}
{"level":"info","message":"Listening on port 3000...","timestamp":"2018-10-13T12:59:54.551Z"}
{"level":"info","message":"Connected to MongoDB...","timestamp":"2018-10-13T12:59:55.585Z"}
{"level":"info","message":"Listening on port 3000...","timestamp":"2018-10-13T13:07:43.427Z"}
{"level":"info","message":"Connected to MongoDB...","timestamp":"2018-10-13T13:07:44.465Z"}
{"level":"info","message":"Listening on port 3000...","timestamp":"2018-10-13T13:09:10.517Z"}
{"level":"info","message":"Connected to MongoDB...","timestamp":"2018-10-13T13:09:11.543Z"}
{"level":"info","message":"Listening on port 3000...","timestamp":"2018-10-13T15:41:45.497Z"}
{"level":"info","message":"Connected to MongoDB...","timestamp":"2018-10-13T15:41:46.523Z"}
{"level":"info","message":"Listening on port 3000...","timestamp":"2018-10-13T16:08:00.559Z"}
{"level":"info","message":"Connected to MongoDB...","timestamp":"2018-10-13T16:08:01.593Z"}
{"message":"Joi is not defined","stack":"ReferenceError: Joi is not defined\n    at validate (C:\\Users\\amitdr\\OneDrive\\repos\\NodeJS\\SmartChip\\server\\routes\\emails.js:61:16)\n    at router.post (C:\\Users\\amitdr\\OneDrive\\repos\\NodeJS\\SmartChip\\server\\routes\\emails.js:35:23)\n    at C:\\Users\\amitdr\\OneDrive\\repos\\NodeJS\\SmartChip\\server\\node_modules\\express-async-errors\\index.js:17:20\n    at Layer.handle [as handle_request] (C:\\Users\\amitdr\\OneDrive\\repos\\NodeJS\\SmartChip\\server\\node_modules\\express\\lib\\router\\layer.js:95:5)\n    at next (C:\\Users\\amitdr\\OneDrive\\repos\\NodeJS\\SmartChip\\server\\node_modules\\express\\lib\\router\\route.js:137:13)\n    at Route.dispatch (C:\\Users\\amitdr\\OneDrive\\repos\\NodeJS\\SmartChip\\server\\node_modules\\express\\lib\\router\\route.js:112:3)\n    at C:\\Users\\amitdr\\OneDrive\\repos\\NodeJS\\SmartChip\\server\\node_modules\\express-async-errors\\index.js:17:20\n    at Layer.handle [as handle_request] (C:\\Users\\amitdr\\OneDrive\\repos\\NodeJS\\SmartChip\\server\\node_modules\\express\\lib\\router\\layer.js:95:5)\n    at C:\\Users\\amitdr\\OneDrive\\repos\\NodeJS\\SmartChip\\server\\node_modules\\express\\lib\\router\\index.js:281:22\n    at Function.process_params (C:\\Users\\amitdr\\OneDrive\\repos\\NodeJS\\SmartChip\\server\\node_modules\\express\\lib\\router\\index.js:335:12)\n    at next (C:\\Users\\amitdr\\OneDrive\\repos\\NodeJS\\SmartChip\\server\\node_modules\\express\\lib\\router\\index.js:275:10)\n    at Function.handle (C:\\Users\\amitdr\\OneDrive\\repos\\NodeJS\\SmartChip\\server\\node_modules\\express\\lib\\router\\index.js:174:3)\n    at router (C:\\Users\\amitdr\\OneDrive\\repos\\NodeJS\\SmartChip\\server\\node_modules\\express\\lib\\router\\index.js:47:12)\n    at C:\\Users\\amitdr\\OneDrive\\repos\\NodeJS\\SmartChip\\server\\node_modules\\express-async-errors\\index.js:17:20\n    at Layer.handle [as handle_request] (C:\\Users\\amitdr\\OneDrive\\repos\\NodeJS\\SmartChip\\server\\node_modules\\express\\lib\\router\\layer.js:95:5)\n    at trim_prefix (C:\\Users\\amitdr\\OneDrive\\repos\\NodeJS\\SmartChip\\server\\node_modules\\express\\lib\\router\\index.js:317:13)\n    at C:\\Users\\amitdr\\OneDrive\\repos\\NodeJS\\SmartChip\\server\\node_modules\\express\\lib\\router\\index.js:284:7\n    at Function.process_params (C:\\Users\\amitdr\\OneDrive\\repos\\NodeJS\\SmartChip\\server\\node_modules\\express\\lib\\router\\index.js:335:12)\n    at next (C:\\Users\\amitdr\\OneDrive\\repos\\NodeJS\\SmartChip\\server\\node_modules\\express\\lib\\router\\index.js:275:10)\n    at C:\\Users\\amitdr\\OneDrive\\repos\\NodeJS\\SmartChip\\server\\node_modules\\express\\node_modules\\body-parser\\lib\\read.js:130:5\n    at invokeCallback (C:\\Users\\amitdr\\OneDrive\\repos\\NodeJS\\SmartChip\\server\\node_modules\\express\\node_modules\\raw-body\\index.js:224:16)\n    at done (C:\\Users\\amitdr\\OneDrive\\repos\\NodeJS\\SmartChip\\server\\node_modules\\express\\node_modules\\raw-body\\index.js:213:7)","level":"error","timestamp":"2018-10-13T16:08:23.065Z"}
{"level":"info","message":"Listening on port 3000...","timestamp":"2018-10-13T16:12:19.363Z"}
{"level":"info","message":"Connected to MongoDB...","timestamp":"2018-10-13T16:12:20.397Z"}
{"message":"user is not defined","stack":"ReferenceError: user is not defined\n    at validate (C:\\Users\\amitdr\\OneDrive\\repos\\NodeJS\\SmartChip\\server\\routes\\emails.js:63:25)\n    at router.post (C:\\Users\\amitdr\\OneDrive\\repos\\NodeJS\\SmartChip\\server\\routes\\emails.js:34:23)\n    at C:\\Users\\amitdr\\OneDrive\\repos\\NodeJS\\SmartChip\\server\\node_modules\\express-async-errors\\index.js:17:20\n    at Layer.handle [as handle_request] (C:\\Users\\amitdr\\OneDrive\\repos\\NodeJS\\SmartChip\\server\\node_modules\\express\\lib\\router\\layer.js:95:5)\n    at next (C:\\Users\\amitdr\\OneDrive\\repos\\NodeJS\\SmartChip\\server\\node_modules\\express\\lib\\router\\route.js:137:13)\n    at Route.dispatch (C:\\Users\\amitdr\\OneDrive\\repos\\NodeJS\\SmartChip\\server\\node_modules\\express\\lib\\router\\route.js:112:3)\n    at C:\\Users\\amitdr\\OneDrive\\repos\\NodeJS\\SmartChip\\server\\node_modules\\express-async-errors\\index.js:17:20\n    at Layer.handle [as handle_request] (C:\\Users\\amitdr\\OneDrive\\repos\\NodeJS\\SmartChip\\server\\node_modules\\express\\lib\\router\\layer.js:95:5)\n    at C:\\Users\\amitdr\\OneDrive\\repos\\NodeJS\\SmartChip\\server\\node_modules\\express\\lib\\router\\index.js:281:22\n    at Function.process_params (C:\\Users\\amitdr\\OneDrive\\repos\\NodeJS\\SmartChip\\server\\node_modules\\express\\lib\\router\\index.js:335:12)\n    at next (C:\\Users\\amitdr\\OneDrive\\repos\\NodeJS\\SmartChip\\server\\node_modules\\express\\lib\\router\\index.js:275:10)\n    at Function.handle (C:\\Users\\amitdr\\OneDrive\\repos\\NodeJS\\SmartChip\\server\\node_modules\\express\\lib\\router\\index.js:174:3)\n    at router (C:\\Users\\amitdr\\OneDrive\\repos\\NodeJS\\SmartChip\\server\\node_modules\\express\\lib\\router\\index.js:47:12)\n    at C:\\Users\\amitdr\\OneDrive\\repos\\NodeJS\\SmartChip\\server\\node_modules\\express-async-errors\\index.js:17:20\n    at Layer.handle [as handle_request] (C:\\Users\\amitdr\\OneDrive\\repos\\NodeJS\\SmartChip\\server\\node_modules\\express\\lib\\router\\layer.js:95:5)\n    at trim_prefix (C:\\Users\\amitdr\\OneDrive\\repos\\NodeJS\\SmartChip\\server\\node_modules\\express\\lib\\router\\index.js:317:13)\n    at C:\\Users\\amitdr\\OneDrive\\repos\\NodeJS\\SmartChip\\server\\node_modules\\express\\lib\\router\\index.js:284:7\n    at Function.process_params (C:\\Users\\amitdr\\OneDrive\\repos\\NodeJS\\SmartChip\\server\\node_modules\\express\\lib\\router\\index.js:335:12)\n    at next (C:\\Users\\amitdr\\OneDrive\\repos\\NodeJS\\SmartChip\\server\\node_modules\\express\\lib\\router\\index.js:275:10)\n    at C:\\Users\\amitdr\\OneDrive\\repos\\NodeJS\\SmartChip\\server\\node_modules\\express\\node_modules\\body-parser\\lib\\read.js:130:5\n    at invokeCallback (C:\\Users\\amitdr\\OneDrive\\repos\\NodeJS\\SmartChip\\server\\node_modules\\express\\node_modules\\raw-body\\index.js:224:16)\n    at done (C:\\Users\\amitdr\\OneDrive\\repos\\NodeJS\\SmartChip\\server\\node_modules\\express\\node_modules\\raw-body\\index.js:213:7)","level":"error","timestamp":"2018-10-13T16:12:36.244Z"}
{"level":"info","message":"Listening on port 3000...","timestamp":"2018-10-13T16:13:26.964Z"}
{"level":"info","message":"Connected to MongoDB...","timestamp":"2018-10-13T16:13:27.990Z"}
{"message":"sendMail is not defined","stack":"ReferenceError: sendMail is not defined\n    at router.post (C:\\Users\\amitdr\\OneDrive\\repos\\NodeJS\\SmartChip\\server\\routes\\emails.js:53:5)","level":"error","timestamp":"2018-10-13T16:15:57.519Z"}
{"level":"info","message":"Listening on port 3000...","timestamp":"2018-10-13T16:16:41.827Z"}
{"level":"info","message":"Connected to MongoDB...","timestamp":"2018-10-13T16:16:42.852Z"}
{"message":"config is not defined","stack":"ReferenceError: config is not defined\n    at sendEmail (C:\\Users\\amitdr\\OneDrive\\repos\\NodeJS\\SmartChip\\server\\routes\\emails.js:16:35)\n    at router.post (C:\\Users\\amitdr\\OneDrive\\repos\\NodeJS\\SmartChip\\server\\routes\\emails.js:53:5)","level":"error","timestamp":"2018-10-13T16:18:42.219Z"}
{"level":"info","message":"Listening on port 3000...","timestamp":"2018-10-13T16:19:56.721Z"}
{"level":"info","message":"Connected to MongoDB...","timestamp":"2018-10-13T16:19:57.765Z"}
{"level":"info","message":"Listening on port 3000...","timestamp":"2018-10-13T16:28:08.074Z"}
{"level":"info","message":"Connected to MongoDB...","timestamp":"2018-10-13T16:28:09.102Z"}
{"message":"Cannot read property 'sendMail' of undefined","stack":"TypeError: Cannot read property 'sendMail' of undefined\n    at sendEmail (C:\\Users\\amitdr\\OneDrive\\repos\\NodeJS\\SmartChip\\server\\routes\\emails.js:24:24)\n    at router.post (C:\\Users\\amitdr\\OneDrive\\repos\\NodeJS\\SmartChip\\server\\routes\\emails.js:54:5)","level":"error","timestamp":"2018-10-13T16:28:11.674Z"}
{"level":"info","message":"Listening on port 3000...","timestamp":"2018-10-13T16:29:49.346Z"}
{"level":"info","message":"Connected to MongoDB...","timestamp":"2018-10-13T16:29:50.371Z"}
{"message":"transporter.sendMail is not a function","stack":"TypeError: transporter.sendMail is not a function\n    at sendEmail (C:\\Users\\amitdr\\OneDrive\\repos\\NodeJS\\SmartChip\\server\\routes\\emails.js:24:24)\n    at router.post (C:\\Users\\amitdr\\OneDrive\\repos\\NodeJS\\SmartChip\\server\\routes\\emails.js:54:5)","level":"error","timestamp":"2018-10-13T16:29:54.711Z"}
{"level":"info","message":"Listening on port 3000...","timestamp":"2018-10-13T16:33:46.752Z"}
{"level":"info","message":"Connected to MongoDB...","timestamp":"2018-10-13T16:33:47.778Z"}
{"message":"transporter.sendMail is not a function","stack":"TypeError: transporter.sendMail is not a function\n    at sendEmail (C:\\Users\\amitdr\\OneDrive\\repos\\NodeJS\\SmartChip\\server\\routes\\emails.js:25:24)\n    at router.post (C:\\Users\\amitdr\\OneDrive\\repos\\NodeJS\\SmartChip\\server\\routes\\emails.js:55:5)","level":"error","timestamp":"2018-10-13T16:34:08.024Z"}
{"level":"info","message":"Listening on port 3000...","timestamp":"2018-10-13T16:37:33.771Z"}
{"level":"info","message":"Connected to MongoDB...","timestamp":"2018-10-13T16:37:34.811Z"}
{"message":"Cannot read property 'sendMail' of undefined","stack":"TypeError: Cannot read property 'sendMail' of undefined\n    at sendEmail (C:\\Users\\amitdr\\OneDrive\\repos\\NodeJS\\SmartChip\\server\\routes\\emails.js:25:24)\n    at router.post (C:\\Users\\amitdr\\OneDrive\\repos\\NodeJS\\SmartChip\\server\\routes\\emails.js:55:5)","level":"error","timestamp":"2018-10-13T16:37:36.846Z"}
{"level":"info","message":"Listening on port 3000...","timestamp":"2018-10-13T16:39:45.442Z"}
{"level":"info","message":"Connected to MongoDB...","timestamp":"2018-10-13T16:39:46.473Z"}
{"level":"info","message":"Listening on port 3000...","timestamp":"2018-10-13T16:40:21.236Z"}
{"level":"info","message":"Connected to MongoDB...","timestamp":"2018-10-13T16:40:22.271Z"}
{"level":"info","message":"Listening on port 3000...","timestamp":"2018-10-13T16:41:21.770Z"}
{"level":"info","message":"Connected to MongoDB...","timestamp":"2018-10-13T16:41:22.809Z"}
{"level":"info","message":"Listening on port 3000...","timestamp":"2018-10-13T16:43:02.700Z"}
{"level":"info","message":"Connected to MongoDB...","timestamp":"2018-10-13T16:43:03.808Z"}
